<?xml version="1.0" encoding="UTF-8"?>
<testng-results ignored="0" total="2" passed="0" failed="2" skipped="0">
  <reporter-output>
  </reporter-output>
  <suite started-at="2025-02-06T20:51:53 IST" name="Surefire suite" finished-at="2025-02-06T20:51:54 IST" duration-ms="944">
    <groups>
      <group name="cucumber">
        <method signature="AbstractTestNGCucumberTests.runScenario(io.cucumber.testng.PickleWrapper,io.cucumber.testng.FeatureWrapper)[pri:0, instance:cucumberoption.TestNGTestRunner@6a192cfe]" name="runScenario" class="io.cucumber.testng.AbstractTestNGCucumberTests"/>
      </group> <!-- cucumber -->
    </groups>
    <test started-at="2025-02-06T20:51:53 IST" name="Surefire test" finished-at="2025-02-06T20:51:54 IST" duration-ms="944">
      <class name="cucumberoption.TestNGTestRunner">
        <test-method is-config="true" signature="setUpClass(org.testng.ITestContext)[pri:0, instance:cucumberoption.TestNGTestRunner@6a192cfe]" started-at="2025-02-06T20:51:53 IST" name="setUpClass" finished-at="2025-02-06T20:51:53 IST" duration-ms="524" status="PASS">
          <params>
            <param index="0">
              <value>
                <![CDATA[org.testng.TestRunner@48c40605]]>
              </value>
            </param>
          </params>
          <reporter-output>
          </reporter-output>
        </test-method> <!-- setUpClass -->
        <test-method signature="runScenario(io.cucumber.testng.PickleWrapper,io.cucumber.testng.FeatureWrapper)[pri:0, instance:cucumberoption.TestNGTestRunner@6a192cfe]" started-at="2025-02-06T20:51:53 IST" name="runScenario" description="Runs Cucumber Scenarios" data-provider="scenarios" finished-at="2025-02-06T20:51:54 IST" duration-ms="332" status="FAIL">
          <params>
            <param index="0">
              <value>
                <![CDATA["Search experience in both home and offer page"]]>
              </value>
            </param>
            <param index="1">
              <value>
                <![CDATA["Search the product and place the order for products"]]>
              </value>
            </param>
          </params>
          <exception class="java.lang.NullPointerException">
            <message>
              <![CDATA[Cannot invoke "org.openqa.selenium.WebDriver.findElement(org.openqa.selenium.By)" because "this.driver" is null]]>
            </message>
            <full-stacktrace>
              <![CDATA[java.lang.NullPointerException: Cannot invoke "org.openqa.selenium.WebDriver.findElement(org.openqa.selenium.By)" because "this.driver" is null
at pageObject.landingpage.searchItem(landingpage.java:18)
at stepdefinition.landingpagestepdefinition.user_searched_with_shortname_and_extracted_actual_name_of_product(landingpagestepdefinition.java:39)
at ✽.user searched with shortname Tom and extracted actual name of product(file:///D:/java/Cucumberrealtime/src/test/java/featurefile/featurefile.feature:6)
]]>
            </full-stacktrace>
          </exception> <!-- java.lang.NullPointerException -->
          <reporter-output>
          </reporter-output>
        </test-method> <!-- runScenario -->
        <test-method signature="runScenario(io.cucumber.testng.PickleWrapper,io.cucumber.testng.FeatureWrapper)[pri:0, instance:cucumberoption.TestNGTestRunner@6a192cfe]" started-at="2025-02-06T20:51:53 IST" name="runScenario" description="Runs Cucumber Scenarios" data-provider="scenarios" finished-at="2025-02-06T20:51:54 IST" duration-ms="332" status="FAIL">
          <params>
            <param index="0">
              <value>
                <![CDATA["Search experience in both home and offer page"]]>
              </value>
            </param>
            <param index="1">
              <value>
                <![CDATA["Search the product and place the order for products"]]>
              </value>
            </param>
          </params>
          <exception class="java.lang.NullPointerException">
            <message>
              <![CDATA[Cannot invoke "org.openqa.selenium.WebDriver.findElement(org.openqa.selenium.By)" because "this.driver" is null]]>
            </message>
            <full-stacktrace>
              <![CDATA[java.lang.NullPointerException: Cannot invoke "org.openqa.selenium.WebDriver.findElement(org.openqa.selenium.By)" because "this.driver" is null
at pageObject.landingpage.searchItem(landingpage.java:18)
at stepdefinition.landingpagestepdefinition.user_searched_with_shortname_and_extracted_actual_name_of_product(landingpagestepdefinition.java:39)
at ✽.user searched with shortname Pot and extracted actual name of product(file:///D:/java/Cucumberrealtime/src/test/java/featurefile/featurefile.feature:6)
]]>
            </full-stacktrace>
          </exception> <!-- java.lang.NullPointerException -->
          <reporter-output>
          </reporter-output>
        </test-method> <!-- runScenario -->
        <test-method is-config="true" signature="tearDownClass()[pri:0, instance:cucumberoption.TestNGTestRunner@6a192cfe]" started-at="2025-02-06T20:51:54 IST" name="tearDownClass" finished-at="2025-02-06T20:51:54 IST" duration-ms="45" status="PASS">
          <reporter-output>
          </reporter-output>
        </test-method> <!-- tearDownClass -->
      </class> <!-- cucumberoption.TestNGTestRunner -->
    </test> <!-- Surefire test -->
  </suite> <!-- Surefire suite -->
</testng-results>
